{"uuid":"db1f1ce6-c315-48ce-9ce4-619c209334db","historyId":"a49918004b23291ad220b5be4868bfa6","fullName":"scripts.testset.TestTest.TestTest","labels":[{"name":"package","value":"scripts.testset.TestTest"},{"name":"testClass","value":"scripts.testset.TestTest"},{"name":"testMethod","value":"TestTest"},{"name":"parentSuite","value":"Suite name"},{"name":"suite","value":"Vi demo"},{"name":"subSuite","value":"scripts.testset.TestTest"},{"name":"host","value":"Simon"},{"name":"thread","value":"11760@Simon.TestNG-tests-1(16)"},{"name":"framework","value":"testng"},{"name":"language","value":"java"}],"links":[],"name":"TestTest","status":"broken","statusDetails":{"known":false,"muted":false,"flaky":false,"message":"[java.lang.AssertionError: expected [File Uploaded!] but found [[[ChromeDriver: chrome on windows (ed486905daef4424e724e34782dbb152)] -> xpath: //h3[text()='File Uploaded!']]]]","trace":"java.lang.Throwable: [java.lang.AssertionError: expected [File Uploaded!] but found [[[ChromeDriver: chrome on windows (ed486905daef4424e724e34782dbb152)] -> xpath: //h3[text()='File Uploaded!']]]]\r\n\tat listener.MethodListener.afterInvocation(MethodListener.java:16)\r\n\tat org.testng.internal.invokers.InvokedMethodListenerInvoker.invokeListener(InvokedMethodListenerInvoker.java:59)\r\n\tat org.testng.internal.invokers.BaseInvoker.runInvokedMethodListeners(BaseInvoker.java:67)\r\n\tat org.testng.internal.invokers.TestInvoker.invokeMethod(TestInvoker.java:736)\r\n\tat org.testng.internal.invokers.TestInvoker.invokeTestMethod(TestInvoker.java:221)\r\n\tat org.testng.internal.invokers.MethodRunner.runInSequence(MethodRunner.java:50)\r\n\tat org.testng.internal.invokers.TestInvoker$MethodInvocationAgent.invoke(TestInvoker.java:969)\r\n\tat org.testng.internal.invokers.TestInvoker.invokeTestMethods(TestInvoker.java:194)\r\n\tat org.testng.internal.invokers.TestMethodWorker.invokeTestMethods(TestMethodWorker.java:148)\r\n\tat org.testng.internal.invokers.TestMethodWorker.run(TestMethodWorker.java:128)\r\n\tat java.base/java.util.ArrayList.forEach(ArrayList.java:1511)\r\n\tat org.testng.TestRunner.privateRun(TestRunner.java:829)\r\n\tat org.testng.TestRunner.run(TestRunner.java:602)\r\n\tat org.testng.SuiteRunner.runTest(SuiteRunner.java:437)\r\n\tat org.testng.SuiteRunner$SuiteWorker.run(SuiteRunner.java:475)\r\n\tat org.testng.internal.thread.ThreadUtil.lambda$execute$0(ThreadUtil.java:58)\r\n\tat java.base/java.util.concurrent.FutureTask.run(FutureTask.java:264)\r\n\tat java.base/java.util.concurrent.ThreadPoolExecutor.runWorker(ThreadPoolExecutor.java:1136)\r\n\tat java.base/java.util.concurrent.ThreadPoolExecutor$Worker.run(ThreadPoolExecutor.java:635)\r\n\tat java.base/java.lang.Thread.run(Thread.java:833)\r\n"},"stage":"finished","steps":[],"attachments":[],"parameters":[{"name":"environment","value":"uat"},{"name":"browser","value":"chrome"}],"start":1716876496086,"stop":1716876499530}